[0.182s] DEBUG:colcon:Command line arguments: ['/usr/bin/colcon', 'list', '-p', '--base-paths', '/home/dwidar/Desktop/delta_host']
[0.182s] DEBUG:colcon:Parsed command line arguments: Namespace(log_base=None, log_level=None, verb_name='list', build_base='build', ignore_user_meta=False, metas=['./colcon.meta'], base_paths=['/home/dwidar/Desktop/delta_host'], packages_ignore=None, packages_ignore_regex=None, paths=None, packages_up_to=None, packages_up_to_regex=None, packages_above=None, packages_above_and_dependencies=None, packages_above_depth=None, packages_select_by_dep=None, packages_skip_by_dep=None, packages_skip_up_to=None, packages_select_build_failed=False, packages_skip_build_finished=False, packages_select_test_failures=False, packages_skip_test_passed=False, packages_select=None, packages_skip=None, packages_select_regex=None, packages_skip_regex=None, packages_start=None, packages_end=None, allow_overriding=[], topological_order=False, names_only=False, paths_only=True, topological_graph=False, topological_graph_dot=False, topological_graph_density=False, topological_graph_legend=False, topological_graph_dot_cluster=False, topological_graph_dot_include_skipped=False, verb_parser=<colcon_defaults.argument_parser.defaults.DefaultArgumentsDecorator object at 0x7fd46754ee30>, verb_extension=<colcon_package_information.verb.list.ListVerb object at 0x7fd46754e290>, main=<bound method ListVerb.main of <colcon_package_information.verb.list.ListVerb object at 0x7fd46754e290>>)
[0.892s] Level 1:colcon.colcon_core.package_discovery:discover_packages(colcon_meta) check parameters
[0.892s] Level 1:colcon.colcon_core.package_discovery:discover_packages(recursive) check parameters
[0.892s] Level 1:colcon.colcon_core.package_discovery:discover_packages(ignore) check parameters
[0.893s] Level 1:colcon.colcon_core.package_discovery:discover_packages(path) check parameters
[0.893s] Level 1:colcon.colcon_core.package_discovery:discover_packages(recursive) discover
[0.893s] INFO:colcon.colcon_core.package_discovery:Crawling recursively for packages in '/home/dwidar/Desktop/delta_host'
[0.893s] Level 1:colcon.colcon_core.package_identification:_identify(/home/dwidar/Desktop/delta_host) by extensions ['ignore', 'ignore_ament_install']
[0.894s] Level 1:colcon.colcon_core.package_identification:_identify(/home/dwidar/Desktop/delta_host) by extension 'ignore'
[0.894s] Level 1:colcon.colcon_core.package_identification:_identify(/home/dwidar/Desktop/delta_host) by extension 'ignore_ament_install'
[0.894s] Level 1:colcon.colcon_core.package_identification:_identify(/home/dwidar/Desktop/delta_host) by extensions ['colcon_pkg']
[0.894s] Level 1:colcon.colcon_core.package_identification:_identify(/home/dwidar/Desktop/delta_host) by extension 'colcon_pkg'
[0.894s] Level 1:colcon.colcon_core.package_identification:_identify(/home/dwidar/Desktop/delta_host) by extensions ['colcon_meta']
[0.894s] Level 1:colcon.colcon_core.package_identification:_identify(/home/dwidar/Desktop/delta_host) by extension 'colcon_meta'
[0.894s] Level 1:colcon.colcon_core.package_identification:_identify(/home/dwidar/Desktop/delta_host) by extensions ['ros']
[0.894s] Level 1:colcon.colcon_core.package_identification:_identify(/home/dwidar/Desktop/delta_host) by extension 'ros'
[0.968s] Level 1:colcon.colcon_core.package_identification:_identify(/home/dwidar/Desktop/delta_host) by extensions ['cmake', 'python']
[0.969s] Level 1:colcon.colcon_core.package_identification:_identify(/home/dwidar/Desktop/delta_host) by extension 'cmake'
[0.969s] Level 1:colcon.colcon_core.package_identification:_identify(/home/dwidar/Desktop/delta_host) by extension 'python'
[0.969s] Level 1:colcon.colcon_core.package_identification:_identify(/home/dwidar/Desktop/delta_host) by extensions ['python_setup_py']
[0.969s] Level 1:colcon.colcon_core.package_identification:_identify(/home/dwidar/Desktop/delta_host) by extension 'python_setup_py'
[0.970s] Level 1:colcon.colcon_core.package_identification:_identify(/home/dwidar/Desktop/delta_host/log) by extensions ['ignore', 'ignore_ament_install']
[0.970s] Level 1:colcon.colcon_core.package_identification:_identify(/home/dwidar/Desktop/delta_host/log) by extension 'ignore'
[0.971s] Level 1:colcon.colcon_core.package_identification:_identify(/home/dwidar/Desktop/delta_host/log) ignored
[0.971s] Level 1:colcon.colcon_core.package_identification:_identify(/home/dwidar/Desktop/delta_host/src) by extensions ['ignore', 'ignore_ament_install']
[0.972s] Level 1:colcon.colcon_core.package_identification:_identify(/home/dwidar/Desktop/delta_host/src) by extension 'ignore'
[0.972s] Level 1:colcon.colcon_core.package_identification:_identify(/home/dwidar/Desktop/delta_host/src) by extension 'ignore_ament_install'
[0.972s] Level 1:colcon.colcon_core.package_identification:_identify(/home/dwidar/Desktop/delta_host/src) by extensions ['colcon_pkg']
[0.972s] Level 1:colcon.colcon_core.package_identification:_identify(/home/dwidar/Desktop/delta_host/src) by extension 'colcon_pkg'
[0.972s] Level 1:colcon.colcon_core.package_identification:_identify(/home/dwidar/Desktop/delta_host/src) by extensions ['colcon_meta']
[0.972s] Level 1:colcon.colcon_core.package_identification:_identify(/home/dwidar/Desktop/delta_host/src) by extension 'colcon_meta'
[0.972s] Level 1:colcon.colcon_core.package_identification:_identify(/home/dwidar/Desktop/delta_host/src) by extensions ['ros']
[0.972s] Level 1:colcon.colcon_core.package_identification:_identify(/home/dwidar/Desktop/delta_host/src) by extension 'ros'
[0.973s] Level 1:colcon.colcon_core.package_identification:_identify(/home/dwidar/Desktop/delta_host/src) by extensions ['cmake', 'python']
[0.973s] Level 1:colcon.colcon_core.package_identification:_identify(/home/dwidar/Desktop/delta_host/src) by extension 'cmake'
[0.973s] Level 1:colcon.colcon_core.package_identification:_identify(/home/dwidar/Desktop/delta_host/src) by extension 'python'
[0.973s] Level 1:colcon.colcon_core.package_identification:_identify(/home/dwidar/Desktop/delta_host/src) by extensions ['python_setup_py']
[0.973s] Level 1:colcon.colcon_core.package_identification:_identify(/home/dwidar/Desktop/delta_host/src) by extension 'python_setup_py'
[0.973s] Level 1:colcon.colcon_core.package_identification:_identify(/home/dwidar/Desktop/delta_host/src/cpp_pub) by extensions ['ignore', 'ignore_ament_install']
[0.974s] Level 1:colcon.colcon_core.package_identification:_identify(/home/dwidar/Desktop/delta_host/src/cpp_pub) by extension 'ignore'
[0.974s] Level 1:colcon.colcon_core.package_identification:_identify(/home/dwidar/Desktop/delta_host/src/cpp_pub) by extension 'ignore_ament_install'
[0.974s] Level 1:colcon.colcon_core.package_identification:_identify(/home/dwidar/Desktop/delta_host/src/cpp_pub) by extensions ['colcon_pkg']
[0.974s] Level 1:colcon.colcon_core.package_identification:_identify(/home/dwidar/Desktop/delta_host/src/cpp_pub) by extension 'colcon_pkg'
[0.974s] Level 1:colcon.colcon_core.package_identification:_identify(/home/dwidar/Desktop/delta_host/src/cpp_pub) by extensions ['colcon_meta']
[0.974s] Level 1:colcon.colcon_core.package_identification:_identify(/home/dwidar/Desktop/delta_host/src/cpp_pub) by extension 'colcon_meta'
[0.974s] Level 1:colcon.colcon_core.package_identification:_identify(/home/dwidar/Desktop/delta_host/src/cpp_pub) by extensions ['ros']
[0.974s] Level 1:colcon.colcon_core.package_identification:_identify(/home/dwidar/Desktop/delta_host/src/cpp_pub) by extension 'ros'
[0.981s] DEBUG:colcon.colcon_core.package_identification:Package '/home/dwidar/Desktop/delta_host/src/cpp_pub' with type 'ros.ament_cmake' and name 'cpp_pub'
[0.982s] Level 1:colcon.colcon_core.package_identification:_identify(/home/dwidar/Desktop/delta_host/src/py_pub) by extensions ['ignore', 'ignore_ament_install']
[0.982s] Level 1:colcon.colcon_core.package_identification:_identify(/home/dwidar/Desktop/delta_host/src/py_pub) by extension 'ignore'
[0.982s] Level 1:colcon.colcon_core.package_identification:_identify(/home/dwidar/Desktop/delta_host/src/py_pub) by extension 'ignore_ament_install'
[0.982s] Level 1:colcon.colcon_core.package_identification:_identify(/home/dwidar/Desktop/delta_host/src/py_pub) by extensions ['colcon_pkg']
[0.982s] Level 1:colcon.colcon_core.package_identification:_identify(/home/dwidar/Desktop/delta_host/src/py_pub) by extension 'colcon_pkg'
[0.982s] Level 1:colcon.colcon_core.package_identification:_identify(/home/dwidar/Desktop/delta_host/src/py_pub) by extensions ['colcon_meta']
[0.982s] Level 1:colcon.colcon_core.package_identification:_identify(/home/dwidar/Desktop/delta_host/src/py_pub) by extension 'colcon_meta'
[0.982s] Level 1:colcon.colcon_core.package_identification:_identify(/home/dwidar/Desktop/delta_host/src/py_pub) by extensions ['ros']
[0.982s] Level 1:colcon.colcon_core.package_identification:_identify(/home/dwidar/Desktop/delta_host/src/py_pub) by extension 'ros'
[0.984s] DEBUG:colcon.colcon_core.package_identification:Package '/home/dwidar/Desktop/delta_host/src/py_pub' with type 'ros.ament_python' and name 'py_pub'
[0.984s] Level 1:colcon.colcon_core.package_discovery:discover_packages(recursive) using defaults
