-- The C compiler identification is GNU 11.4.0
-- The CXX compiler identification is GNU 11.4.0
-- Detecting C compiler ABI info
-- Detecting C compiler ABI info - done
-- Check for working C compiler: /usr/bin/cc - skipped
-- Detecting C compile features
-- Detecting C compile features - done
-- Detecting CXX compiler ABI info
-- Detecting CXX compiler ABI info - done
-- Check for working CXX compiler: /usr/bin/c++ - skipped
-- Detecting CXX compile features
-- Detecting CXX compile features - done
-- Found ament_cmake: 1.3.8 (/opt/ros/humble/share/ament_cmake/cmake)
-- Found Python3: /usr/bin/python3 (found version "3.10.12") found components: Interpreter 
-- Found ament_lint_auto: 0.12.10 (/opt/ros/humble/share/ament_lint_auto/cmake)
-- Added test 'cppcheck' to perform static code analysis on C / C++ code
-- Configured cppcheck include dirs: 
-- Configured cppcheck exclude dirs and/or files: 
-- Added test 'lint_cmake' to check CMake code style
-- Added test 'uncrustify' to check C / C++ code style
-- Configured uncrustify additional arguments: 
-- Added test 'xmllint' to check XML markup files
-- Configuring done (0.9s)
-- Generating done (0.0s)
-- Build files have been written to: /home/dwidar/Desktop/delta_host/build/cpp_pub
-- Install configuration: ""
-- Installing: /home/dwidar/Desktop/delta_host/install/cpp_pub/share/ament_index/resource_index/package_run_dependencies/cpp_pub
-- Installing: /home/dwidar/Desktop/delta_host/install/cpp_pub/share/ament_index/resource_index/parent_prefix_path/cpp_pub
-- Installing: /home/dwidar/Desktop/delta_host/install/cpp_pub/share/cpp_pub/environment/ament_prefix_path.sh
-- Installing: /home/dwidar/Desktop/delta_host/install/cpp_pub/share/cpp_pub/environment/ament_prefix_path.dsv
-- Installing: /home/dwidar/Desktop/delta_host/install/cpp_pub/share/cpp_pub/environment/path.sh
-- Installing: /home/dwidar/Desktop/delta_host/install/cpp_pub/share/cpp_pub/environment/path.dsv
-- Installing: /home/dwidar/Desktop/delta_host/install/cpp_pub/share/cpp_pub/local_setup.bash
-- Installing: /home/dwidar/Desktop/delta_host/install/cpp_pub/share/cpp_pub/local_setup.sh
-- Installing: /home/dwidar/Desktop/delta_host/install/cpp_pub/share/cpp_pub/local_setup.zsh
-- Installing: /home/dwidar/Desktop/delta_host/install/cpp_pub/share/cpp_pub/local_setup.dsv
-- Installing: /home/dwidar/Desktop/delta_host/install/cpp_pub/share/cpp_pub/package.dsv
-- Installing: /home/dwidar/Desktop/delta_host/install/cpp_pub/share/ament_index/resource_index/packages/cpp_pub
-- Installing: /home/dwidar/Desktop/delta_host/install/cpp_pub/share/cpp_pub/cmake/cpp_pubConfig.cmake
-- Installing: /home/dwidar/Desktop/delta_host/install/cpp_pub/share/cpp_pub/cmake/cpp_pubConfig-version.cmake
-- Installing: /home/dwidar/Desktop/delta_host/install/cpp_pub/share/cpp_pub/package.xml
