[0.020s] Invoking command in '/home/dwidar/Desktop/delta_host/build/cpp_pub': CMAKE_PREFIX_PATH=/opt/ros/humble /home/dwidar/.local/bin/cmake /home/dwidar/Desktop/delta_host/src/cpp_pub -DCMAKE_INSTALL_PREFIX=/home/dwidar/Desktop/delta_host/install/cpp_pub
[0.149s] -- The C compiler identification is GNU 11.4.0
[0.231s] -- The CXX compiler identification is GNU 11.4.0
[0.255s] -- Detecting C compiler ABI info
[0.343s] -- Detecting C compiler ABI info - done
[0.360s] -- Check for working C compiler: /usr/bin/cc - skipped
[0.361s] -- Detecting C compile features
[0.362s] -- Detecting C compile features - done
[0.375s] -- Detecting CXX compiler ABI info
[0.480s] -- Detecting CXX compiler ABI info - done
[0.497s] -- Check for working CXX compiler: /usr/bin/c++ - skipped
[0.498s] -- Detecting CXX compile features
[0.498s] -- Detecting CXX compile features - done
[0.504s] -- Found ament_cmake: 1.3.8 (/opt/ros/humble/share/ament_cmake/cmake)
[0.707s] -- Found Python3: /usr/bin/python3 (found version "3.10.12") found components: Interpreter 
[0.845s] -- Found ament_lint_auto: 0.12.10 (/opt/ros/humble/share/ament_lint_auto/cmake)
[0.963s] -- Added test 'cppcheck' to perform static code analysis on C / C++ code
[0.963s] -- Configured cppcheck include dirs: 
[0.963s] -- Configured cppcheck exclude dirs and/or files: 
[0.964s] -- Added test 'lint_cmake' to check CMake code style
[0.966s] -- Added test 'uncrustify' to check C / C++ code style
[0.966s] -- Configured uncrustify additional arguments: 
[0.967s] -- Added test 'xmllint' to check XML markup files
[0.969s] -- Configuring done (0.9s)
[0.973s] -- Generating done (0.0s)
[0.975s] -- Build files have been written to: /home/dwidar/Desktop/delta_host/build/cpp_pub
[0.987s] Invoked command in '/home/dwidar/Desktop/delta_host/build/cpp_pub' returned '0': CMAKE_PREFIX_PATH=/opt/ros/humble /home/dwidar/.local/bin/cmake /home/dwidar/Desktop/delta_host/src/cpp_pub -DCMAKE_INSTALL_PREFIX=/home/dwidar/Desktop/delta_host/install/cpp_pub
[0.990s] Invoking command in '/home/dwidar/Desktop/delta_host/build/cpp_pub': CMAKE_PREFIX_PATH=/opt/ros/humble /home/dwidar/.local/bin/cmake --build /home/dwidar/Desktop/delta_host/build/cpp_pub -- -j20 -l20
[1.055s] Invoked command in '/home/dwidar/Desktop/delta_host/build/cpp_pub' returned '0': CMAKE_PREFIX_PATH=/opt/ros/humble /home/dwidar/.local/bin/cmake --build /home/dwidar/Desktop/delta_host/build/cpp_pub -- -j20 -l20
[1.164s] Invoking command in '/home/dwidar/Desktop/delta_host/build/cpp_pub': CMAKE_PREFIX_PATH=/opt/ros/humble /home/dwidar/.local/bin/cmake --install /home/dwidar/Desktop/delta_host/build/cpp_pub
[1.200s] -- Install configuration: ""
[1.201s] -- Installing: /home/dwidar/Desktop/delta_host/install/cpp_pub/share/ament_index/resource_index/package_run_dependencies/cpp_pub
[1.201s] -- Installing: /home/dwidar/Desktop/delta_host/install/cpp_pub/share/ament_index/resource_index/parent_prefix_path/cpp_pub
[1.201s] -- Installing: /home/dwidar/Desktop/delta_host/install/cpp_pub/share/cpp_pub/environment/ament_prefix_path.sh
[1.201s] -- Installing: /home/dwidar/Desktop/delta_host/install/cpp_pub/share/cpp_pub/environment/ament_prefix_path.dsv
[1.202s] -- Installing: /home/dwidar/Desktop/delta_host/install/cpp_pub/share/cpp_pub/environment/path.sh
[1.202s] -- Installing: /home/dwidar/Desktop/delta_host/install/cpp_pub/share/cpp_pub/environment/path.dsv
[1.202s] -- Installing: /home/dwidar/Desktop/delta_host/install/cpp_pub/share/cpp_pub/local_setup.bash
[1.202s] -- Installing: /home/dwidar/Desktop/delta_host/install/cpp_pub/share/cpp_pub/local_setup.sh
[1.202s] -- Installing: /home/dwidar/Desktop/delta_host/install/cpp_pub/share/cpp_pub/local_setup.zsh
[1.202s] -- Installing: /home/dwidar/Desktop/delta_host/install/cpp_pub/share/cpp_pub/local_setup.dsv
[1.202s] -- Installing: /home/dwidar/Desktop/delta_host/install/cpp_pub/share/cpp_pub/package.dsv
[1.202s] -- Installing: /home/dwidar/Desktop/delta_host/install/cpp_pub/share/ament_index/resource_index/packages/cpp_pub
[1.202s] -- Installing: /home/dwidar/Desktop/delta_host/install/cpp_pub/share/cpp_pub/cmake/cpp_pubConfig.cmake
[1.203s] -- Installing: /home/dwidar/Desktop/delta_host/install/cpp_pub/share/cpp_pub/cmake/cpp_pubConfig-version.cmake
[1.203s] -- Installing: /home/dwidar/Desktop/delta_host/install/cpp_pub/share/cpp_pub/package.xml
[1.210s] Invoked command in '/home/dwidar/Desktop/delta_host/build/cpp_pub' returned '0': CMAKE_PREFIX_PATH=/opt/ros/humble /home/dwidar/.local/bin/cmake --install /home/dwidar/Desktop/delta_host/build/cpp_pub
