[0.031s] Invoking command in '/home/dwidar/Desktop/delta_host/build/cpp_pub': CMAKE_PREFIX_PATH=${CMAKE_PREFIX_PATH}:/home/dwidar/Desktop/delta_host/install/py_pub:/opt/ros/humble /home/dwidar/.local/bin/cmake --build /home/dwidar/Desktop/delta_host/build/cpp_pub -- -j20 -l20
[0.792s] Invoked command in '/home/dwidar/Desktop/delta_host/build/cpp_pub' returned '0': CMAKE_PREFIX_PATH=${CMAKE_PREFIX_PATH}:/home/dwidar/Desktop/delta_host/install/py_pub:/opt/ros/humble /home/dwidar/.local/bin/cmake --build /home/dwidar/Desktop/delta_host/build/cpp_pub -- -j20 -l20
[0.898s] Invoking command in '/home/dwidar/Desktop/delta_host/build/cpp_pub': CMAKE_PREFIX_PATH=${CMAKE_PREFIX_PATH}:/home/dwidar/Desktop/delta_host/install/py_pub:/opt/ros/humble /home/dwidar/.local/bin/cmake --install /home/dwidar/Desktop/delta_host/build/cpp_pub
[0.937s] -- Install configuration: ""
[0.938s] -- Up-to-date: /home/dwidar/Desktop/delta_host/install/cpp_pub/share/ament_index/resource_index/package_run_dependencies/cpp_pub
[0.938s] -- Up-to-date: /home/dwidar/Desktop/delta_host/install/cpp_pub/share/ament_index/resource_index/parent_prefix_path/cpp_pub
[0.938s] -- Up-to-date: /home/dwidar/Desktop/delta_host/install/cpp_pub/share/cpp_pub/environment/ament_prefix_path.sh
[0.938s] -- Up-to-date: /home/dwidar/Desktop/delta_host/install/cpp_pub/share/cpp_pub/environment/ament_prefix_path.dsv
[0.938s] -- Up-to-date: /home/dwidar/Desktop/delta_host/install/cpp_pub/share/cpp_pub/environment/path.sh
[0.938s] -- Up-to-date: /home/dwidar/Desktop/delta_host/install/cpp_pub/share/cpp_pub/environment/path.dsv
[0.938s] -- Up-to-date: /home/dwidar/Desktop/delta_host/install/cpp_pub/share/cpp_pub/local_setup.bash
[0.939s] -- Up-to-date: /home/dwidar/Desktop/delta_host/install/cpp_pub/share/cpp_pub/local_setup.sh
[0.939s] -- Up-to-date: /home/dwidar/Desktop/delta_host/install/cpp_pub/share/cpp_pub/local_setup.zsh
[0.939s] -- Up-to-date: /home/dwidar/Desktop/delta_host/install/cpp_pub/share/cpp_pub/local_setup.dsv
[0.939s] -- Up-to-date: /home/dwidar/Desktop/delta_host/install/cpp_pub/share/cpp_pub/package.dsv
[0.939s] -- Up-to-date: /home/dwidar/Desktop/delta_host/install/cpp_pub/share/ament_index/resource_index/packages/cpp_pub
[0.939s] -- Up-to-date: /home/dwidar/Desktop/delta_host/install/cpp_pub/share/cpp_pub/cmake/cpp_pubConfig.cmake
[0.939s] -- Up-to-date: /home/dwidar/Desktop/delta_host/install/cpp_pub/share/cpp_pub/cmake/cpp_pubConfig-version.cmake
[0.939s] -- Up-to-date: /home/dwidar/Desktop/delta_host/install/cpp_pub/share/cpp_pub/package.xml
[0.946s] Invoked command in '/home/dwidar/Desktop/delta_host/build/cpp_pub' returned '0': CMAKE_PREFIX_PATH=${CMAKE_PREFIX_PATH}:/home/dwidar/Desktop/delta_host/install/py_pub:/opt/ros/humble /home/dwidar/.local/bin/cmake --install /home/dwidar/Desktop/delta_host/build/cpp_pub
