running egg_info
creating ../../build/py_pub/py_pub.egg-info
writing ../../build/py_pub/py_pub.egg-info/PKG-INFO
writing dependency_links to ../../build/py_pub/py_pub.egg-info/dependency_links.txt
writing entry points to ../../build/py_pub/py_pub.egg-info/entry_points.txt
writing requirements to ../../build/py_pub/py_pub.egg-info/requires.txt
writing top-level names to ../../build/py_pub/py_pub.egg-info/top_level.txt
writing manifest file '../../build/py_pub/py_pub.egg-info/SOURCES.txt'
reading manifest file '../../build/py_pub/py_pub.egg-info/SOURCES.txt'
adding license file 'LICENSE'
writing manifest file '../../build/py_pub/py_pub.egg-info/SOURCES.txt'
running build
running build_py
creating /home/dwidar/Desktop/delta_host/build/py_pub/build
creating /home/dwidar/Desktop/delta_host/build/py_pub/build/lib
creating /home/dwidar/Desktop/delta_host/build/py_pub/build/lib/py_pub
copying py_pub/pub.py -> /home/dwidar/Desktop/delta_host/build/py_pub/build/lib/py_pub
copying py_pub/__init__.py -> /home/dwidar/Desktop/delta_host/build/py_pub/build/lib/py_pub
running install
running install_lib
creating /home/dwidar/Desktop/delta_host/install/py_pub/lib/python3.10/site-packages/py_pub
copying /home/dwidar/Desktop/delta_host/build/py_pub/build/lib/py_pub/pub.py -> /home/dwidar/Desktop/delta_host/install/py_pub/lib/python3.10/site-packages/py_pub
copying /home/dwidar/Desktop/delta_host/build/py_pub/build/lib/py_pub/__init__.py -> /home/dwidar/Desktop/delta_host/install/py_pub/lib/python3.10/site-packages/py_pub
byte-compiling /home/dwidar/Desktop/delta_host/install/py_pub/lib/python3.10/site-packages/py_pub/pub.py to pub.cpython-310.pyc
byte-compiling /home/dwidar/Desktop/delta_host/install/py_pub/lib/python3.10/site-packages/py_pub/__init__.py to __init__.cpython-310.pyc
running install_data
creating /home/dwidar/Desktop/delta_host/install/py_pub/share/ament_index
creating /home/dwidar/Desktop/delta_host/install/py_pub/share/ament_index/resource_index
creating /home/dwidar/Desktop/delta_host/install/py_pub/share/ament_index/resource_index/packages
copying resource/py_pub -> /home/dwidar/Desktop/delta_host/install/py_pub/share/ament_index/resource_index/packages
copying package.xml -> /home/dwidar/Desktop/delta_host/install/py_pub/share/py_pub
running install_egg_info
Copying ../../build/py_pub/py_pub.egg-info to /home/dwidar/Desktop/delta_host/install/py_pub/lib/python3.10/site-packages/py_pub-0.0.0-py3.10.egg-info
running install_scripts
writing list of installed files to '/home/dwidar/Desktop/delta_host/build/py_pub/install.log'
