[1.006s] Invoking command in '/home/dwidar/Desktop/delta_host/src/py_pub': PYTHONPATH=/home/dwidar/Desktop/delta_host/build/py_pub/prefix_override:/home/dwidar/Desktop/delta_host/install/py_pub/lib/python3.10/site-packages:${PYTHONPATH} /usr/bin/python3 -W ignore:setup.py install is deprecated setup.py egg_info --egg-base ../../build/py_pub build --build-base /home/dwidar/Desktop/delta_host/build/py_pub/build install --record /home/dwidar/Desktop/delta_host/build/py_pub/install.log --single-version-externally-managed install_data
[1.401s] running egg_info
[1.402s] creating ../../build/py_pub/py_pub.egg-info
[1.402s] writing ../../build/py_pub/py_pub.egg-info/PKG-INFO
[1.402s] writing dependency_links to ../../build/py_pub/py_pub.egg-info/dependency_links.txt
[1.402s] writing entry points to ../../build/py_pub/py_pub.egg-info/entry_points.txt
[1.402s] writing requirements to ../../build/py_pub/py_pub.egg-info/requires.txt
[1.408s] writing top-level names to ../../build/py_pub/py_pub.egg-info/top_level.txt
[1.408s] writing manifest file '../../build/py_pub/py_pub.egg-info/SOURCES.txt'
[1.411s] reading manifest file '../../build/py_pub/py_pub.egg-info/SOURCES.txt'
[1.411s] adding license file 'LICENSE'
[1.411s] writing manifest file '../../build/py_pub/py_pub.egg-info/SOURCES.txt'
[1.412s] running build
[1.412s] running build_py
[1.412s] creating /home/dwidar/Desktop/delta_host/build/py_pub/build
[1.412s] creating /home/dwidar/Desktop/delta_host/build/py_pub/build/lib
[1.412s] creating /home/dwidar/Desktop/delta_host/build/py_pub/build/lib/py_pub
[1.412s] copying py_pub/pub.py -> /home/dwidar/Desktop/delta_host/build/py_pub/build/lib/py_pub
[1.413s] copying py_pub/__init__.py -> /home/dwidar/Desktop/delta_host/build/py_pub/build/lib/py_pub
[1.413s] running install
[1.413s] running install_lib
[1.414s] creating /home/dwidar/Desktop/delta_host/install/py_pub/lib/python3.10/site-packages/py_pub
[1.414s] copying /home/dwidar/Desktop/delta_host/build/py_pub/build/lib/py_pub/pub.py -> /home/dwidar/Desktop/delta_host/install/py_pub/lib/python3.10/site-packages/py_pub
[1.414s] copying /home/dwidar/Desktop/delta_host/build/py_pub/build/lib/py_pub/__init__.py -> /home/dwidar/Desktop/delta_host/install/py_pub/lib/python3.10/site-packages/py_pub
[1.414s] byte-compiling /home/dwidar/Desktop/delta_host/install/py_pub/lib/python3.10/site-packages/py_pub/pub.py to pub.cpython-310.pyc
[1.416s] byte-compiling /home/dwidar/Desktop/delta_host/install/py_pub/lib/python3.10/site-packages/py_pub/__init__.py to __init__.cpython-310.pyc
[1.416s] running install_data
[1.416s] creating /home/dwidar/Desktop/delta_host/install/py_pub/share/ament_index
[1.416s] creating /home/dwidar/Desktop/delta_host/install/py_pub/share/ament_index/resource_index
[1.416s] creating /home/dwidar/Desktop/delta_host/install/py_pub/share/ament_index/resource_index/packages
[1.416s] copying resource/py_pub -> /home/dwidar/Desktop/delta_host/install/py_pub/share/ament_index/resource_index/packages
[1.416s] copying package.xml -> /home/dwidar/Desktop/delta_host/install/py_pub/share/py_pub
[1.416s] running install_egg_info
[1.418s] Copying ../../build/py_pub/py_pub.egg-info to /home/dwidar/Desktop/delta_host/install/py_pub/lib/python3.10/site-packages/py_pub-0.0.0-py3.10.egg-info
[1.419s] running install_scripts
[1.448s] writing list of installed files to '/home/dwidar/Desktop/delta_host/build/py_pub/install.log'
[1.481s] Invoked command in '/home/dwidar/Desktop/delta_host/src/py_pub' returned '0': PYTHONPATH=/home/dwidar/Desktop/delta_host/build/py_pub/prefix_override:/home/dwidar/Desktop/delta_host/install/py_pub/lib/python3.10/site-packages:${PYTHONPATH} /usr/bin/python3 -W ignore:setup.py install is deprecated setup.py egg_info --egg-base ../../build/py_pub build --build-base /home/dwidar/Desktop/delta_host/build/py_pub/build install --record /home/dwidar/Desktop/delta_host/build/py_pub/install.log --single-version-externally-managed install_data
