[0.152s] DEBUG:colcon:Command line arguments: ['/usr/bin/colcon', 'build']
[0.152s] DEBUG:colcon:Parsed command line arguments: Namespace(log_base=None, log_level=None, verb_name='build', build_base='build', install_base='install', merge_install=False, symlink_install=False, test_result_base=None, continue_on_error=False, executor='parallel', parallel_workers=20, event_handlers=None, ignore_user_meta=False, metas=['./colcon.meta'], base_paths=['.'], packages_ignore=None, packages_ignore_regex=None, paths=None, packages_up_to=None, packages_up_to_regex=None, packages_above=None, packages_above_and_dependencies=None, packages_above_depth=None, packages_select_by_dep=None, packages_skip_by_dep=None, packages_skip_up_to=None, packages_select_build_failed=False, packages_skip_build_finished=False, packages_select_test_failures=False, packages_skip_test_passed=False, packages_select=None, packages_skip=None, packages_select_regex=None, packages_skip_regex=None, packages_start=None, packages_end=None, allow_overriding=[], cmake_args=None, cmake_target=None, cmake_target_skip_unavailable=False, cmake_clean_cache=False, cmake_clean_first=False, cmake_force_configure=False, ament_cmake_args=None, catkin_cmake_args=None, catkin_skip_building_tests=False, verb_parser=<colcon_defaults.argument_parser.defaults.DefaultArgumentsDecorator object at 0x79fedde5e2c0>, verb_extension=<colcon_core.verb.build.BuildVerb object at 0x79feddf56e30>, main=<bound method BuildVerb.main of <colcon_core.verb.build.BuildVerb object at 0x79feddf56e30>>)
[0.486s] Level 1:colcon.colcon_core.package_discovery:discover_packages(colcon_meta) check parameters
[0.486s] Level 1:colcon.colcon_core.package_discovery:discover_packages(recursive) check parameters
[0.486s] Level 1:colcon.colcon_core.package_discovery:discover_packages(ignore) check parameters
[0.486s] Level 1:colcon.colcon_core.package_discovery:discover_packages(path) check parameters
[0.486s] Level 1:colcon.colcon_core.package_discovery:discover_packages(colcon_meta) discover
[0.487s] Level 1:colcon.colcon_core.package_discovery:discover_packages(recursive) discover
[0.487s] INFO:colcon.colcon_core.package_discovery:Crawling recursively for packages in '/home/dwidar/Desktop/delta_host'
[0.487s] Level 1:colcon.colcon_core.package_identification:_identify(.) by extensions ['ignore', 'ignore_ament_install']
[0.487s] Level 1:colcon.colcon_core.package_identification:_identify(.) by extension 'ignore'
[0.487s] Level 1:colcon.colcon_core.package_identification:_identify(.) by extension 'ignore_ament_install'
[0.487s] Level 1:colcon.colcon_core.package_identification:_identify(.) by extensions ['colcon_pkg']
[0.487s] Level 1:colcon.colcon_core.package_identification:_identify(.) by extension 'colcon_pkg'
[0.487s] Level 1:colcon.colcon_core.package_identification:_identify(.) by extensions ['colcon_meta']
[0.487s] Level 1:colcon.colcon_core.package_identification:_identify(.) by extension 'colcon_meta'
[0.487s] Level 1:colcon.colcon_core.package_identification:_identify(.) by extensions ['ros']
[0.487s] Level 1:colcon.colcon_core.package_identification:_identify(.) by extension 'ros'
[0.509s] Level 1:colcon.colcon_core.package_identification:_identify(.) by extensions ['cmake', 'python']
[0.509s] Level 1:colcon.colcon_core.package_identification:_identify(.) by extension 'cmake'
[0.509s] Level 1:colcon.colcon_core.package_identification:_identify(.) by extension 'python'
[0.509s] Level 1:colcon.colcon_core.package_identification:_identify(.) by extensions ['python_setup_py']
[0.509s] Level 1:colcon.colcon_core.package_identification:_identify(.) by extension 'python_setup_py'
[0.510s] Level 1:colcon.colcon_core.package_identification:_identify(build) by extensions ['ignore', 'ignore_ament_install']
[0.510s] Level 1:colcon.colcon_core.package_identification:_identify(build) by extension 'ignore'
[0.510s] Level 1:colcon.colcon_core.package_identification:_identify(build) ignored
[0.510s] Level 1:colcon.colcon_core.package_identification:_identify(install) by extensions ['ignore', 'ignore_ament_install']
[0.510s] Level 1:colcon.colcon_core.package_identification:_identify(install) by extension 'ignore'
[0.510s] Level 1:colcon.colcon_core.package_identification:_identify(install) ignored
[0.510s] Level 1:colcon.colcon_core.package_identification:_identify(log) by extensions ['ignore', 'ignore_ament_install']
[0.510s] Level 1:colcon.colcon_core.package_identification:_identify(log) by extension 'ignore'
[0.510s] Level 1:colcon.colcon_core.package_identification:_identify(log) ignored
[0.510s] Level 1:colcon.colcon_core.package_identification:_identify(src) by extensions ['ignore', 'ignore_ament_install']
[0.510s] Level 1:colcon.colcon_core.package_identification:_identify(src) by extension 'ignore'
[0.510s] Level 1:colcon.colcon_core.package_identification:_identify(src) by extension 'ignore_ament_install'
[0.510s] Level 1:colcon.colcon_core.package_identification:_identify(src) by extensions ['colcon_pkg']
[0.510s] Level 1:colcon.colcon_core.package_identification:_identify(src) by extension 'colcon_pkg'
[0.510s] Level 1:colcon.colcon_core.package_identification:_identify(src) by extensions ['colcon_meta']
[0.510s] Level 1:colcon.colcon_core.package_identification:_identify(src) by extension 'colcon_meta'
[0.511s] Level 1:colcon.colcon_core.package_identification:_identify(src) by extensions ['ros']
[0.511s] Level 1:colcon.colcon_core.package_identification:_identify(src) by extension 'ros'
[0.511s] Level 1:colcon.colcon_core.package_identification:_identify(src) by extensions ['cmake', 'python']
[0.511s] Level 1:colcon.colcon_core.package_identification:_identify(src) by extension 'cmake'
[0.511s] Level 1:colcon.colcon_core.package_identification:_identify(src) by extension 'python'
[0.511s] Level 1:colcon.colcon_core.package_identification:_identify(src) by extensions ['python_setup_py']
[0.511s] Level 1:colcon.colcon_core.package_identification:_identify(src) by extension 'python_setup_py'
[0.511s] Level 1:colcon.colcon_core.package_identification:_identify(src/cpp_pub) by extensions ['ignore', 'ignore_ament_install']
[0.511s] Level 1:colcon.colcon_core.package_identification:_identify(src/cpp_pub) by extension 'ignore'
[0.511s] Level 1:colcon.colcon_core.package_identification:_identify(src/cpp_pub) by extension 'ignore_ament_install'
[0.511s] Level 1:colcon.colcon_core.package_identification:_identify(src/cpp_pub) by extensions ['colcon_pkg']
[0.511s] Level 1:colcon.colcon_core.package_identification:_identify(src/cpp_pub) by extension 'colcon_pkg'
[0.511s] Level 1:colcon.colcon_core.package_identification:_identify(src/cpp_pub) by extensions ['colcon_meta']
[0.511s] Level 1:colcon.colcon_core.package_identification:_identify(src/cpp_pub) by extension 'colcon_meta'
[0.511s] Level 1:colcon.colcon_core.package_identification:_identify(src/cpp_pub) by extensions ['ros']
[0.511s] Level 1:colcon.colcon_core.package_identification:_identify(src/cpp_pub) by extension 'ros'
[0.515s] DEBUG:colcon.colcon_core.package_identification:Package 'src/cpp_pub' with type 'ros.ament_cmake' and name 'cpp_pub'
[0.515s] Level 1:colcon.colcon_core.package_identification:_identify(src/py_pub) by extensions ['ignore', 'ignore_ament_install']
[0.516s] Level 1:colcon.colcon_core.package_identification:_identify(src/py_pub) by extension 'ignore'
[0.516s] Level 1:colcon.colcon_core.package_identification:_identify(src/py_pub) by extension 'ignore_ament_install'
[0.516s] Level 1:colcon.colcon_core.package_identification:_identify(src/py_pub) by extensions ['colcon_pkg']
[0.516s] Level 1:colcon.colcon_core.package_identification:_identify(src/py_pub) by extension 'colcon_pkg'
[0.516s] Level 1:colcon.colcon_core.package_identification:_identify(src/py_pub) by extensions ['colcon_meta']
[0.516s] Level 1:colcon.colcon_core.package_identification:_identify(src/py_pub) by extension 'colcon_meta'
[0.516s] Level 1:colcon.colcon_core.package_identification:_identify(src/py_pub) by extensions ['ros']
[0.516s] Level 1:colcon.colcon_core.package_identification:_identify(src/py_pub) by extension 'ros'
[0.516s] DEBUG:colcon.colcon_core.package_identification:Package 'src/py_pub' with type 'ros.ament_python' and name 'py_pub'
[0.517s] Level 1:colcon.colcon_core.package_identification:_identify(src/testcontrol) by extensions ['ignore', 'ignore_ament_install']
[0.517s] Level 1:colcon.colcon_core.package_identification:_identify(src/testcontrol) by extension 'ignore'
[0.517s] Level 1:colcon.colcon_core.package_identification:_identify(src/testcontrol) by extension 'ignore_ament_install'
[0.517s] Level 1:colcon.colcon_core.package_identification:_identify(src/testcontrol) by extensions ['colcon_pkg']
[0.517s] Level 1:colcon.colcon_core.package_identification:_identify(src/testcontrol) by extension 'colcon_pkg'
[0.517s] Level 1:colcon.colcon_core.package_identification:_identify(src/testcontrol) by extensions ['colcon_meta']
[0.517s] Level 1:colcon.colcon_core.package_identification:_identify(src/testcontrol) by extension 'colcon_meta'
[0.517s] Level 1:colcon.colcon_core.package_identification:_identify(src/testcontrol) by extensions ['ros']
[0.517s] Level 1:colcon.colcon_core.package_identification:_identify(src/testcontrol) by extension 'ros'
[0.518s] DEBUG:colcon.colcon_core.package_identification:Package 'src/testcontrol' with type 'ros.ament_python' and name 'testcontrol'
[0.518s] Level 1:colcon.colcon_core.package_discovery:discover_packages(recursive) using defaults
[0.518s] Level 1:colcon.colcon_core.package_discovery:discover_packages(ignore) discover
[0.518s] Level 1:colcon.colcon_core.package_discovery:discover_packages(ignore) using defaults
[0.518s] Level 1:colcon.colcon_core.package_discovery:discover_packages(path) discover
[0.518s] Level 1:colcon.colcon_core.package_discovery:discover_packages(path) using defaults
[0.552s] Level 1:colcon.colcon_core.package_discovery:discover_packages(prefix_path) check parameters
[0.552s] Level 1:colcon.colcon_core.package_discovery:discover_packages(prefix_path) discover
[0.556s] DEBUG:colcon.colcon_installed_package_information.package_discovery:Found 2 installed packages in /home/dwidar/Desktop/delta_host/install
[0.558s] DEBUG:colcon.colcon_installed_package_information.package_discovery:Found 327 installed packages in /opt/ros/humble
[0.561s] Level 1:colcon.colcon_core.package_discovery:discover_packages(prefix_path) using defaults
[0.620s] Level 5:colcon.colcon_core.verb:set package 'cpp_pub' build argument 'cmake_args' from command line to 'None'
[0.620s] Level 5:colcon.colcon_core.verb:set package 'cpp_pub' build argument 'cmake_target' from command line to 'None'
[0.620s] Level 5:colcon.colcon_core.verb:set package 'cpp_pub' build argument 'cmake_target_skip_unavailable' from command line to 'False'
[0.620s] Level 5:colcon.colcon_core.verb:set package 'cpp_pub' build argument 'cmake_clean_cache' from command line to 'False'
[0.620s] Level 5:colcon.colcon_core.verb:set package 'cpp_pub' build argument 'cmake_clean_first' from command line to 'False'
[0.620s] Level 5:colcon.colcon_core.verb:set package 'cpp_pub' build argument 'cmake_force_configure' from command line to 'False'
[0.620s] Level 5:colcon.colcon_core.verb:set package 'cpp_pub' build argument 'ament_cmake_args' from command line to 'None'
[0.620s] Level 5:colcon.colcon_core.verb:set package 'cpp_pub' build argument 'catkin_cmake_args' from command line to 'None'
[0.620s] Level 5:colcon.colcon_core.verb:set package 'cpp_pub' build argument 'catkin_skip_building_tests' from command line to 'False'
[0.620s] DEBUG:colcon.colcon_core.verb:Building package 'cpp_pub' with the following arguments: {'ament_cmake_args': None, 'build_base': '/home/dwidar/Desktop/delta_host/build/cpp_pub', 'catkin_cmake_args': None, 'catkin_skip_building_tests': False, 'cmake_args': None, 'cmake_clean_cache': False, 'cmake_clean_first': False, 'cmake_force_configure': False, 'cmake_target': None, 'cmake_target_skip_unavailable': False, 'install_base': '/home/dwidar/Desktop/delta_host/install/cpp_pub', 'merge_install': False, 'path': '/home/dwidar/Desktop/delta_host/src/cpp_pub', 'symlink_install': False, 'test_result_base': None}
[0.620s] Level 5:colcon.colcon_core.verb:set package 'py_pub' build argument 'cmake_args' from command line to 'None'
[0.621s] Level 5:colcon.colcon_core.verb:set package 'py_pub' build argument 'cmake_target' from command line to 'None'
[0.621s] Level 5:colcon.colcon_core.verb:set package 'py_pub' build argument 'cmake_target_skip_unavailable' from command line to 'False'
[0.621s] Level 5:colcon.colcon_core.verb:set package 'py_pub' build argument 'cmake_clean_cache' from command line to 'False'
[0.621s] Level 5:colcon.colcon_core.verb:set package 'py_pub' build argument 'cmake_clean_first' from command line to 'False'
[0.621s] Level 5:colcon.colcon_core.verb:set package 'py_pub' build argument 'cmake_force_configure' from command line to 'False'
[0.621s] Level 5:colcon.colcon_core.verb:set package 'py_pub' build argument 'ament_cmake_args' from command line to 'None'
[0.621s] Level 5:colcon.colcon_core.verb:set package 'py_pub' build argument 'catkin_cmake_args' from command line to 'None'
[0.621s] Level 5:colcon.colcon_core.verb:set package 'py_pub' build argument 'catkin_skip_building_tests' from command line to 'False'
[0.621s] DEBUG:colcon.colcon_core.verb:Building package 'py_pub' with the following arguments: {'ament_cmake_args': None, 'build_base': '/home/dwidar/Desktop/delta_host/build/py_pub', 'catkin_cmake_args': None, 'catkin_skip_building_tests': False, 'cmake_args': None, 'cmake_clean_cache': False, 'cmake_clean_first': False, 'cmake_force_configure': False, 'cmake_target': None, 'cmake_target_skip_unavailable': False, 'install_base': '/home/dwidar/Desktop/delta_host/install/py_pub', 'merge_install': False, 'path': '/home/dwidar/Desktop/delta_host/src/py_pub', 'symlink_install': False, 'test_result_base': None}
[0.621s] Level 5:colcon.colcon_core.verb:set package 'testcontrol' build argument 'cmake_args' from command line to 'None'
[0.621s] Level 5:colcon.colcon_core.verb:set package 'testcontrol' build argument 'cmake_target' from command line to 'None'
[0.621s] Level 5:colcon.colcon_core.verb:set package 'testcontrol' build argument 'cmake_target_skip_unavailable' from command line to 'False'
[0.621s] Level 5:colcon.colcon_core.verb:set package 'testcontrol' build argument 'cmake_clean_cache' from command line to 'False'
[0.621s] Level 5:colcon.colcon_core.verb:set package 'testcontrol' build argument 'cmake_clean_first' from command line to 'False'
[0.621s] Level 5:colcon.colcon_core.verb:set package 'testcontrol' build argument 'cmake_force_configure' from command line to 'False'
[0.621s] Level 5:colcon.colcon_core.verb:set package 'testcontrol' build argument 'ament_cmake_args' from command line to 'None'
[0.621s] Level 5:colcon.colcon_core.verb:set package 'testcontrol' build argument 'catkin_cmake_args' from command line to 'None'
[0.621s] Level 5:colcon.colcon_core.verb:set package 'testcontrol' build argument 'catkin_skip_building_tests' from command line to 'False'
[0.621s] DEBUG:colcon.colcon_core.verb:Building package 'testcontrol' with the following arguments: {'ament_cmake_args': None, 'build_base': '/home/dwidar/Desktop/delta_host/build/testcontrol', 'catkin_cmake_args': None, 'catkin_skip_building_tests': False, 'cmake_args': None, 'cmake_clean_cache': False, 'cmake_clean_first': False, 'cmake_force_configure': False, 'cmake_target': None, 'cmake_target_skip_unavailable': False, 'install_base': '/home/dwidar/Desktop/delta_host/install/testcontrol', 'merge_install': False, 'path': '/home/dwidar/Desktop/delta_host/src/testcontrol', 'symlink_install': False, 'test_result_base': None}
[0.622s] INFO:colcon.colcon_core.executor:Executing jobs using 'parallel' executor
[0.623s] DEBUG:colcon.colcon_parallel_executor.executor.parallel:run_until_complete
[0.623s] INFO:colcon.colcon_ros.task.ament_cmake.build:Building ROS package in '/home/dwidar/Desktop/delta_host/src/cpp_pub' with build type 'ament_cmake'
[0.623s] INFO:colcon.colcon_cmake.task.cmake.build:Building CMake package in '/home/dwidar/Desktop/delta_host/src/cpp_pub'
[0.628s] INFO:colcon.colcon_core.plugin_system:Skipping extension 'colcon_core.shell.bat': Not used on non-Windows systems
[0.628s] INFO:colcon.colcon_core.shell:Skip shell extension 'powershell' for command environment: Not usable outside of PowerShell
[0.629s] DEBUG:colcon.colcon_core.shell:Skip shell extension 'dsv' for command environment
[0.633s] INFO:colcon.colcon_ros.task.ament_python.build:Building ROS package in '/home/dwidar/Desktop/delta_host/src/py_pub' with build type 'ament_python'
[0.633s] Level 1:colcon.colcon_core.shell:create_environment_hook('py_pub', 'ament_prefix_path')
[0.633s] INFO:colcon.colcon_core.shell:Creating environment hook '/home/dwidar/Desktop/delta_host/install/py_pub/share/py_pub/hook/ament_prefix_path.ps1'
[0.634s] INFO:colcon.colcon_core.shell:Creating environment descriptor '/home/dwidar/Desktop/delta_host/install/py_pub/share/py_pub/hook/ament_prefix_path.dsv'
[0.635s] INFO:colcon.colcon_core.shell:Creating environment hook '/home/dwidar/Desktop/delta_host/install/py_pub/share/py_pub/hook/ament_prefix_path.sh'
[0.636s] INFO:colcon.colcon_core.shell:Skip shell extension 'powershell' for command environment: Not usable outside of PowerShell
[0.636s] DEBUG:colcon.colcon_core.shell:Skip shell extension 'dsv' for command environment
[0.640s] INFO:colcon.colcon_ros.task.ament_python.build:Building ROS package in '/home/dwidar/Desktop/delta_host/src/testcontrol' with build type 'ament_python'
[0.640s] Level 1:colcon.colcon_core.shell:create_environment_hook('testcontrol', 'ament_prefix_path')
[0.640s] INFO:colcon.colcon_core.shell:Creating environment hook '/home/dwidar/Desktop/delta_host/install/testcontrol/share/testcontrol/hook/ament_prefix_path.ps1'
[0.641s] INFO:colcon.colcon_core.shell:Creating environment descriptor '/home/dwidar/Desktop/delta_host/install/testcontrol/share/testcontrol/hook/ament_prefix_path.dsv'
[0.641s] INFO:colcon.colcon_core.shell:Creating environment hook '/home/dwidar/Desktop/delta_host/install/testcontrol/share/testcontrol/hook/ament_prefix_path.sh'
[0.642s] INFO:colcon.colcon_core.shell:Skip shell extension 'powershell' for command environment: Not usable outside of PowerShell
[0.642s] DEBUG:colcon.colcon_core.shell:Skip shell extension 'dsv' for command environment
[0.655s] DEBUG:colcon.colcon_core.event_handler.log_command:Invoking command in '/home/dwidar/Desktop/delta_host/build/cpp_pub': CMAKE_PREFIX_PATH=${CMAKE_PREFIX_PATH}:/home/dwidar/Desktop/delta_host/install/py_pub:/opt/ros/humble /home/dwidar/.local/bin/cmake --build /home/dwidar/Desktop/delta_host/build/cpp_pub -- -j20 -l20
[1.046s] INFO:colcon.colcon_core.task.python.build:Building Python package in '/home/dwidar/Desktop/delta_host/src/py_pub'
[1.047s] INFO:colcon.colcon_core.shell:Skip shell extension 'powershell' for command environment: Not usable outside of PowerShell
[1.047s] DEBUG:colcon.colcon_core.shell:Skip shell extension 'dsv' for command environment
[1.406s] INFO:colcon.colcon_core.task.python.build:Building Python package in '/home/dwidar/Desktop/delta_host/src/testcontrol'
[1.406s] INFO:colcon.colcon_core.shell:Skip shell extension 'powershell' for command environment: Not usable outside of PowerShell
[1.406s] DEBUG:colcon.colcon_core.shell:Skip shell extension 'dsv' for command environment
[1.416s] DEBUG:colcon.colcon_core.event_handler.log_command:Invoked command in '/home/dwidar/Desktop/delta_host/build/cpp_pub' returned '0': CMAKE_PREFIX_PATH=${CMAKE_PREFIX_PATH}:/home/dwidar/Desktop/delta_host/install/py_pub:/opt/ros/humble /home/dwidar/.local/bin/cmake --build /home/dwidar/Desktop/delta_host/build/cpp_pub -- -j20 -l20
[1.522s] DEBUG:colcon.colcon_core.event_handler.log_command:Invoking command in '/home/dwidar/Desktop/delta_host/build/cpp_pub': CMAKE_PREFIX_PATH=${CMAKE_PREFIX_PATH}:/home/dwidar/Desktop/delta_host/install/py_pub:/opt/ros/humble /home/dwidar/.local/bin/cmake --install /home/dwidar/Desktop/delta_host/build/cpp_pub
[1.569s] Level 1:colcon.colcon_core.environment:create_environment_scripts_only(cpp_pub)
[1.570s] DEBUG:colcon.colcon_core.event_handler.log_command:Invoked command in '/home/dwidar/Desktop/delta_host/build/cpp_pub' returned '0': CMAKE_PREFIX_PATH=${CMAKE_PREFIX_PATH}:/home/dwidar/Desktop/delta_host/install/py_pub:/opt/ros/humble /home/dwidar/.local/bin/cmake --install /home/dwidar/Desktop/delta_host/build/cpp_pub
[1.576s] Level 1:colcon.colcon_core.environment:checking '/home/dwidar/Desktop/delta_host/install/cpp_pub' for CMake module files
[1.577s] Level 1:colcon.colcon_core.environment:checking '/home/dwidar/Desktop/delta_host/install/cpp_pub' for CMake config files
[1.577s] Level 1:colcon.colcon_core.shell:create_environment_hook('cpp_pub', 'cmake_prefix_path')
[1.578s] INFO:colcon.colcon_core.shell:Creating environment hook '/home/dwidar/Desktop/delta_host/install/cpp_pub/share/cpp_pub/hook/cmake_prefix_path.ps1'
[1.579s] INFO:colcon.colcon_core.shell:Creating environment descriptor '/home/dwidar/Desktop/delta_host/install/cpp_pub/share/cpp_pub/hook/cmake_prefix_path.dsv'
[1.579s] INFO:colcon.colcon_core.shell:Creating environment hook '/home/dwidar/Desktop/delta_host/install/cpp_pub/share/cpp_pub/hook/cmake_prefix_path.sh'
[1.580s] Level 1:colcon.colcon_core.environment:checking '/home/dwidar/Desktop/delta_host/install/cpp_pub/bin'
[1.581s] Level 1:colcon.colcon_core.environment:checking '/home/dwidar/Desktop/delta_host/install/cpp_pub/lib/pkgconfig/cpp_pub.pc'
[1.581s] Level 1:colcon.colcon_core.environment:checking '/home/dwidar/Desktop/delta_host/install/cpp_pub/lib/python3.10/site-packages'
[1.581s] Level 1:colcon.colcon_core.environment:checking '/home/dwidar/Desktop/delta_host/install/cpp_pub/bin'
[1.582s] INFO:colcon.colcon_core.shell:Creating package script '/home/dwidar/Desktop/delta_host/install/cpp_pub/share/cpp_pub/package.ps1'
[1.584s] INFO:colcon.colcon_core.shell:Creating package descriptor '/home/dwidar/Desktop/delta_host/install/cpp_pub/share/cpp_pub/package.dsv'
[1.585s] INFO:colcon.colcon_core.shell:Creating package script '/home/dwidar/Desktop/delta_host/install/cpp_pub/share/cpp_pub/package.sh'
[1.586s] INFO:colcon.colcon_core.shell:Creating package script '/home/dwidar/Desktop/delta_host/install/cpp_pub/share/cpp_pub/package.bash'
[1.587s] INFO:colcon.colcon_core.shell:Creating package script '/home/dwidar/Desktop/delta_host/install/cpp_pub/share/cpp_pub/package.zsh'
[1.589s] Level 1:colcon.colcon_core.environment:create_file_with_runtime_dependencies(/home/dwidar/Desktop/delta_host/install/cpp_pub/share/colcon-core/packages/cpp_pub)
[1.652s] Level 1:colcon.colcon_core.environment:create_environment_scripts_only(cpp_pub)
[1.653s] Level 1:colcon.colcon_core.environment:checking '/home/dwidar/Desktop/delta_host/install/cpp_pub' for CMake module files
[1.653s] Level 1:colcon.colcon_core.environment:checking '/home/dwidar/Desktop/delta_host/install/cpp_pub' for CMake config files
[1.653s] Level 1:colcon.colcon_core.shell:create_environment_hook('cpp_pub', 'cmake_prefix_path')
[1.654s] INFO:colcon.colcon_core.shell:Creating environment hook '/home/dwidar/Desktop/delta_host/install/cpp_pub/share/cpp_pub/hook/cmake_prefix_path.ps1'
[1.654s] INFO:colcon.colcon_core.shell:Creating environment descriptor '/home/dwidar/Desktop/delta_host/install/cpp_pub/share/cpp_pub/hook/cmake_prefix_path.dsv'
[1.655s] INFO:colcon.colcon_core.shell:Creating environment hook '/home/dwidar/Desktop/delta_host/install/cpp_pub/share/cpp_pub/hook/cmake_prefix_path.sh'
[1.655s] Level 1:colcon.colcon_core.environment:checking '/home/dwidar/Desktop/delta_host/install/cpp_pub/bin'
[1.655s] Level 1:colcon.colcon_core.environment:checking '/home/dwidar/Desktop/delta_host/install/cpp_pub/lib/pkgconfig/cpp_pub.pc'
[1.656s] Level 1:colcon.colcon_core.environment:checking '/home/dwidar/Desktop/delta_host/install/cpp_pub/lib/python3.10/site-packages'
[1.656s] Level 1:colcon.colcon_core.environment:checking '/home/dwidar/Desktop/delta_host/install/cpp_pub/bin'
[1.657s] INFO:colcon.colcon_core.shell:Creating package script '/home/dwidar/Desktop/delta_host/install/cpp_pub/share/cpp_pub/package.ps1'
[1.657s] INFO:colcon.colcon_core.shell:Creating package descriptor '/home/dwidar/Desktop/delta_host/install/cpp_pub/share/cpp_pub/package.dsv'
[1.658s] INFO:colcon.colcon_core.shell:Creating package script '/home/dwidar/Desktop/delta_host/install/cpp_pub/share/cpp_pub/package.sh'
[1.658s] INFO:colcon.colcon_core.shell:Creating package script '/home/dwidar/Desktop/delta_host/install/cpp_pub/share/cpp_pub/package.bash'
[1.659s] INFO:colcon.colcon_core.shell:Creating package script '/home/dwidar/Desktop/delta_host/install/cpp_pub/share/cpp_pub/package.zsh'
[1.659s] Level 1:colcon.colcon_core.environment:create_file_with_runtime_dependencies(/home/dwidar/Desktop/delta_host/install/cpp_pub/share/colcon-core/packages/cpp_pub)
[1.993s] DEBUG:colcon.colcon_core.event_handler.log_command:Invoking command in '/home/dwidar/Desktop/delta_host/src/testcontrol': PYTHONPATH=/home/dwidar/Desktop/delta_host/build/testcontrol/prefix_override:/home/dwidar/Desktop/delta_host/install/testcontrol/lib/python3.10/site-packages:${PYTHONPATH} /usr/bin/python3 -W ignore:setup.py install is deprecated setup.py egg_info --egg-base ../../build/testcontrol build --build-base /home/dwidar/Desktop/delta_host/build/testcontrol/build install --record /home/dwidar/Desktop/delta_host/build/testcontrol/install.log --single-version-externally-managed install_data
[1.995s] DEBUG:colcon.colcon_core.event_handler.log_command:Invoking command in '/home/dwidar/Desktop/delta_host/src/py_pub': PYTHONPATH=/home/dwidar/Desktop/delta_host/build/py_pub/prefix_override:/home/dwidar/Desktop/delta_host/install/py_pub/lib/python3.10/site-packages:${PYTHONPATH} /usr/bin/python3 -W ignore:setup.py install is deprecated setup.py egg_info --egg-base ../../build/py_pub build --build-base /home/dwidar/Desktop/delta_host/build/py_pub/build install --record /home/dwidar/Desktop/delta_host/build/py_pub/install.log --single-version-externally-managed install_data
[2.428s] Level 1:colcon.colcon_core.environment:checking '/home/dwidar/Desktop/delta_host/install/testcontrol' for CMake module files
[2.429s] DEBUG:colcon.colcon_core.event_handler.log_command:Invoked command in '/home/dwidar/Desktop/delta_host/src/testcontrol' returned '0': PYTHONPATH=/home/dwidar/Desktop/delta_host/build/testcontrol/prefix_override:/home/dwidar/Desktop/delta_host/install/testcontrol/lib/python3.10/site-packages:${PYTHONPATH} /usr/bin/python3 -W ignore:setup.py install is deprecated setup.py egg_info --egg-base ../../build/testcontrol build --build-base /home/dwidar/Desktop/delta_host/build/testcontrol/build install --record /home/dwidar/Desktop/delta_host/build/testcontrol/install.log --single-version-externally-managed install_data
[2.430s] Level 1:colcon.colcon_core.environment:checking '/home/dwidar/Desktop/delta_host/install/testcontrol' for CMake config files
[2.430s] Level 1:colcon.colcon_core.environment:checking '/home/dwidar/Desktop/delta_host/install/testcontrol/lib'
[2.430s] Level 1:colcon.colcon_core.environment:checking '/home/dwidar/Desktop/delta_host/install/testcontrol/bin'
[2.431s] Level 1:colcon.colcon_core.environment:checking '/home/dwidar/Desktop/delta_host/install/testcontrol/lib/pkgconfig/testcontrol.pc'
[2.431s] Level 1:colcon.colcon_core.environment:checking '/home/dwidar/Desktop/delta_host/install/testcontrol/lib/python3.10/site-packages'
[2.431s] Level 1:colcon.colcon_core.shell:create_environment_hook('testcontrol', 'pythonpath')
[2.431s] INFO:colcon.colcon_core.shell:Creating environment hook '/home/dwidar/Desktop/delta_host/install/testcontrol/share/testcontrol/hook/pythonpath.ps1'
[2.432s] INFO:colcon.colcon_core.shell:Creating environment descriptor '/home/dwidar/Desktop/delta_host/install/testcontrol/share/testcontrol/hook/pythonpath.dsv'
[2.432s] INFO:colcon.colcon_core.shell:Creating environment hook '/home/dwidar/Desktop/delta_host/install/testcontrol/share/testcontrol/hook/pythonpath.sh'
[2.433s] Level 1:colcon.colcon_core.environment:checking '/home/dwidar/Desktop/delta_host/install/testcontrol/bin'
[2.433s] Level 1:colcon.colcon_core.environment:create_environment_scripts_only(testcontrol)
[2.433s] INFO:colcon.colcon_core.shell:Creating package script '/home/dwidar/Desktop/delta_host/install/testcontrol/share/testcontrol/package.ps1'
[2.434s] INFO:colcon.colcon_core.shell:Creating package descriptor '/home/dwidar/Desktop/delta_host/install/testcontrol/share/testcontrol/package.dsv'
[2.434s] INFO:colcon.colcon_core.shell:Creating package script '/home/dwidar/Desktop/delta_host/install/testcontrol/share/testcontrol/package.sh'
[2.435s] INFO:colcon.colcon_core.shell:Creating package script '/home/dwidar/Desktop/delta_host/install/testcontrol/share/testcontrol/package.bash'
[2.435s] INFO:colcon.colcon_core.shell:Creating package script '/home/dwidar/Desktop/delta_host/install/testcontrol/share/testcontrol/package.zsh'
[2.435s] Level 1:colcon.colcon_core.environment:create_file_with_runtime_dependencies(/home/dwidar/Desktop/delta_host/install/testcontrol/share/colcon-core/packages/testcontrol)
[2.437s] Level 1:colcon.colcon_core.environment:checking '/home/dwidar/Desktop/delta_host/install/py_pub' for CMake module files
[2.437s] Level 1:colcon.colcon_core.environment:checking '/home/dwidar/Desktop/delta_host/install/py_pub' for CMake config files
[2.438s] DEBUG:colcon.colcon_core.event_handler.log_command:Invoked command in '/home/dwidar/Desktop/delta_host/src/py_pub' returned '0': PYTHONPATH=/home/dwidar/Desktop/delta_host/build/py_pub/prefix_override:/home/dwidar/Desktop/delta_host/install/py_pub/lib/python3.10/site-packages:${PYTHONPATH} /usr/bin/python3 -W ignore:setup.py install is deprecated setup.py egg_info --egg-base ../../build/py_pub build --build-base /home/dwidar/Desktop/delta_host/build/py_pub/build install --record /home/dwidar/Desktop/delta_host/build/py_pub/install.log --single-version-externally-managed install_data
[2.438s] Level 1:colcon.colcon_core.environment:checking '/home/dwidar/Desktop/delta_host/install/py_pub/lib'
[2.439s] Level 1:colcon.colcon_core.environment:checking '/home/dwidar/Desktop/delta_host/install/py_pub/bin'
[2.439s] Level 1:colcon.colcon_core.environment:checking '/home/dwidar/Desktop/delta_host/install/py_pub/lib/pkgconfig/py_pub.pc'
[2.439s] Level 1:colcon.colcon_core.environment:checking '/home/dwidar/Desktop/delta_host/install/py_pub/lib/python3.10/site-packages'
[2.439s] Level 1:colcon.colcon_core.shell:create_environment_hook('py_pub', 'pythonpath')
[2.439s] INFO:colcon.colcon_core.shell:Creating environment hook '/home/dwidar/Desktop/delta_host/install/py_pub/share/py_pub/hook/pythonpath.ps1'
[2.440s] INFO:colcon.colcon_core.shell:Creating environment descriptor '/home/dwidar/Desktop/delta_host/install/py_pub/share/py_pub/hook/pythonpath.dsv'
[2.440s] INFO:colcon.colcon_core.shell:Creating environment hook '/home/dwidar/Desktop/delta_host/install/py_pub/share/py_pub/hook/pythonpath.sh'
[2.441s] Level 1:colcon.colcon_core.environment:checking '/home/dwidar/Desktop/delta_host/install/py_pub/bin'
[2.441s] Level 1:colcon.colcon_core.environment:create_environment_scripts_only(py_pub)
[2.441s] INFO:colcon.colcon_core.shell:Creating package script '/home/dwidar/Desktop/delta_host/install/py_pub/share/py_pub/package.ps1'
[2.442s] INFO:colcon.colcon_core.shell:Creating package descriptor '/home/dwidar/Desktop/delta_host/install/py_pub/share/py_pub/package.dsv'
[2.442s] INFO:colcon.colcon_core.shell:Creating package script '/home/dwidar/Desktop/delta_host/install/py_pub/share/py_pub/package.sh'
[2.442s] INFO:colcon.colcon_core.shell:Creating package script '/home/dwidar/Desktop/delta_host/install/py_pub/share/py_pub/package.bash'
[2.443s] INFO:colcon.colcon_core.shell:Creating package script '/home/dwidar/Desktop/delta_host/install/py_pub/share/py_pub/package.zsh'
[2.443s] Level 1:colcon.colcon_core.environment:create_file_with_runtime_dependencies(/home/dwidar/Desktop/delta_host/install/py_pub/share/colcon-core/packages/py_pub)
[2.443s] DEBUG:colcon.colcon_parallel_executor.executor.parallel:closing loop
[2.444s] DEBUG:colcon.colcon_parallel_executor.executor.parallel:loop closed
[2.444s] DEBUG:colcon.colcon_parallel_executor.executor.parallel:run_until_complete finished with '0'
[2.444s] DEBUG:colcon.colcon_core.event_reactor:joining thread
[2.452s] INFO:colcon.colcon_core.plugin_system:Skipping extension 'colcon_notification.desktop_notification.terminal_notifier': Not used on non-Darwin systems
[2.452s] INFO:colcon.colcon_core.plugin_system:Skipping extension 'colcon_notification.desktop_notification.win32': Not used on non-Windows systems
[2.452s] INFO:colcon.colcon_notification.desktop_notification:Sending desktop notification using 'notify2'
[2.472s] DEBUG:colcon.colcon_core.event_reactor:joined thread
[2.472s] INFO:colcon.colcon_core.shell:Creating prefix script '/home/dwidar/Desktop/delta_host/install/local_setup.ps1'
[2.475s] INFO:colcon.colcon_core.shell:Creating prefix util module '/home/dwidar/Desktop/delta_host/install/_local_setup_util_ps1.py'
[2.478s] INFO:colcon.colcon_core.shell:Creating prefix chain script '/home/dwidar/Desktop/delta_host/install/setup.ps1'
[2.480s] INFO:colcon.colcon_core.shell:Creating prefix script '/home/dwidar/Desktop/delta_host/install/local_setup.sh'
[2.481s] INFO:colcon.colcon_core.shell:Creating prefix util module '/home/dwidar/Desktop/delta_host/install/_local_setup_util_sh.py'
[2.481s] INFO:colcon.colcon_core.shell:Creating prefix chain script '/home/dwidar/Desktop/delta_host/install/setup.sh'
[2.483s] INFO:colcon.colcon_core.shell:Creating prefix script '/home/dwidar/Desktop/delta_host/install/local_setup.bash'
[2.484s] INFO:colcon.colcon_core.shell:Creating prefix chain script '/home/dwidar/Desktop/delta_host/install/setup.bash'
[2.486s] INFO:colcon.colcon_core.shell:Creating prefix script '/home/dwidar/Desktop/delta_host/install/local_setup.zsh'
[2.486s] INFO:colcon.colcon_core.shell:Creating prefix chain script '/home/dwidar/Desktop/delta_host/install/setup.zsh'
