[1.361s] Invoking command in '/home/dwidar/Desktop/delta_host/src/py_pub': PYTHONPATH=/home/dwidar/Desktop/delta_host/build/py_pub/prefix_override:/home/dwidar/Desktop/delta_host/install/py_pub/lib/python3.10/site-packages:${PYTHONPATH} /usr/bin/python3 -W ignore:setup.py install is deprecated setup.py egg_info --egg-base ../../build/py_pub build --build-base /home/dwidar/Desktop/delta_host/build/py_pub/build install --record /home/dwidar/Desktop/delta_host/build/py_pub/install.log --single-version-externally-managed install_data
[1.723s] running egg_info
[1.724s] writing ../../build/py_pub/py_pub.egg-info/PKG-INFO
[1.724s] writing dependency_links to ../../build/py_pub/py_pub.egg-info/dependency_links.txt
[1.724s] writing entry points to ../../build/py_pub/py_pub.egg-info/entry_points.txt
[1.724s] writing requirements to ../../build/py_pub/py_pub.egg-info/requires.txt
[1.729s] writing top-level names to ../../build/py_pub/py_pub.egg-info/top_level.txt
[1.731s] reading manifest file '../../build/py_pub/py_pub.egg-info/SOURCES.txt'
[1.732s] adding license file 'LICENSE'
[1.733s] writing manifest file '../../build/py_pub/py_pub.egg-info/SOURCES.txt'
[1.733s] running build
[1.733s] running build_py
[1.733s] copying py_pub/pub.py -> /home/dwidar/Desktop/delta_host/build/py_pub/build/lib/py_pub
[1.733s] running install
[1.734s] running install_lib
[1.734s] copying /home/dwidar/Desktop/delta_host/build/py_pub/build/lib/py_pub/pub.py -> /home/dwidar/Desktop/delta_host/install/py_pub/lib/python3.10/site-packages/py_pub
[1.735s] byte-compiling /home/dwidar/Desktop/delta_host/install/py_pub/lib/python3.10/site-packages/py_pub/pub.py to pub.cpython-310.pyc
[1.736s] running install_data
[1.736s] running install_egg_info
[1.738s] removing '/home/dwidar/Desktop/delta_host/install/py_pub/lib/python3.10/site-packages/py_pub-0.0.0-py3.10.egg-info' (and everything under it)
[1.739s] Copying ../../build/py_pub/py_pub.egg-info to /home/dwidar/Desktop/delta_host/install/py_pub/lib/python3.10/site-packages/py_pub-0.0.0-py3.10.egg-info
[1.739s] running install_scripts
[1.766s] writing list of installed files to '/home/dwidar/Desktop/delta_host/build/py_pub/install.log'
[1.804s] Invoked command in '/home/dwidar/Desktop/delta_host/src/py_pub' returned '0': PYTHONPATH=/home/dwidar/Desktop/delta_host/build/py_pub/prefix_override:/home/dwidar/Desktop/delta_host/install/py_pub/lib/python3.10/site-packages:${PYTHONPATH} /usr/bin/python3 -W ignore:setup.py install is deprecated setup.py egg_info --egg-base ../../build/py_pub build --build-base /home/dwidar/Desktop/delta_host/build/py_pub/build install --record /home/dwidar/Desktop/delta_host/build/py_pub/install.log --single-version-externally-managed install_data
